<?xml version="1.0" encoding="UTF-8"?>
<!-- Generated by org.testng.reporters.JUnitXMLReporter -->
<testsuite ignored="0" hostname="DESKTOP-EKREN5K" failures="1" tests="1" name="Rediff Para Test" time="0.318" errors="0" timestamp="2023-12-27T03:35:45 EST">
  <testcase classname="com.automation.TestNG.day5.RediffParameterization" name="rediffTest" time="0.0">
    <failure type="org.testng.TestNGException" message="
Parameter &amp;apos;browser&amp;apos; is required by @Test on method rediffTest but has not been marked @Optional or defined
in C:\Users\Ismail\eclipse-workspace\First_Project_Training\testngRediffParameterize.xml">
      <![CDATA[org.testng.TestNGException: 
Parameter 'browser' is required by @Test on method rediffTest but has not been marked @Optional or defined
in C:\Users\Ismail\eclipse-workspace\First_Project_Training\testngRediffParameterize.xml
at java.base/java.util.ArrayList.forEach(ArrayList.java:1511)
... Removed 26 stack frames]]>
    </failure>
  </testcase> <!-- rediffTest -->
</testsuite> <!-- Rediff Para Test -->
