<?xml version="1.0" encoding="UTF-8"?>
<!-- Generated by org.testng.reporters.JUnitXMLReporter -->
<testsuite ignored="0" hostname="DESKTOP-EKREN5K" failures="1" tests="1" name="TN Login Test" time="0.371" errors="0" timestamp="2023-12-27T02:57:01 EST">
  <testcase classname="com.testNG.Assignment_16th_Aug_2023.TNLoginParaTest" name="tnTest" time="0.0">
    <failure type="org.testng.TestNGException" message="
Parameter &amp;apos;browser&amp;apos; is required by @Test on method tnTest but has not been marked @Optional or defined
in C:\Users\Ismail\eclipse-workspace\First_Project_Training\TNLoginParatestng.xml">
      <![CDATA[org.testng.TestNGException: 
Parameter 'browser' is required by @Test on method tnTest but has not been marked @Optional or defined
in C:\Users\Ismail\eclipse-workspace\First_Project_Training\TNLoginParatestng.xml
at java.base/java.util.ArrayList.forEach(ArrayList.java:1511)
... Removed 26 stack frames]]>
    </failure>
  </testcase> <!-- tnTest -->
</testsuite> <!-- TN Login Test -->
